**************************
Creating a 3D lattice with 400 sites per layer.
B: -5.0
M: 
B: -5.0
M: -0.769265141352
B: -4.89898989899
M: -0.772929886917
B: -4.79797979798
M: -0.780767546815
B: -4.69696969697
M: -0.762662573437
B: -4.59595959596
M: -0.767690578247
B: -4.49494949495
M: -0.780812042378
B: -4.39393939394
M: -0.782770867239
B: -4.29292929293
M: -0.767963360201
B: -4.19191919192
M: -0.770343803757
B: -4.09090909091
M: -0.772579160514
B: -3.9898989899
M: -0.757970432965
B: -3.88888888889
M: -0.761609078108
B: -3.78787878788
M: -0.773949954275
B: -3.68686868687
M: -0.76191296877
B: -3.58585858586
M: -0.761173324928
B: -3.48484848485
M: -0.763205346033
B: -3.38383838384
M: -0.758539369431
B: -3.28282828283
M: -0.750386415536
B: -3.18181818182
M: -0.753003909488
B: -3.08080808081
M: -0.749887910092
B: -2.9797979798
M: -0.751818308049
B: -2.87878787879
M: -0.758118520698
B: -2.77777777778
M: -0.749546096381
B: -2.67676767677
M: -0.739633910102
B: -2.57575757576
M: -0.746117558464
B: -2.47474747475
M: -0.744212339828
B: -2.37373737374
M: -0.740762291679
B: -2.27272727273
M: -0.730922460973
B: -2.17171717172
M: -0.736406028314
B: -2.07070707071
M: -0.724867690026
B: -1.9696969697
M: -0.723045860836
B: -1.86868686869
M: -0.717993203599
B: -1.76767676768
M: -0.71692529276
B: -1.66666666667
M: -0.711387338144
B: -1.56565656566
M: -0.699158169777
B: -1.46464646465
M: -0.704506501191
B: -1.36363636364
M: -0.697291664148
B: -1.26262626263
M: -0.682387844661
B: -1.16161616162
M: -0.671133369841
B: -1.06060606061
M: -0.678321316922
B: -0.959595959596
M: -0.643317171856
B: -0.858585858586
M: -0.638844022958
B: -0.757575757576
M: -0.618642972111
B: -0.656565656566
M: -0.550414662787
B: -0.555555555556
M: 0.0480386034396
B: -0.454545454545
M: 0.0100546460089
B: -0.353535353535
M: 0.0447297246301
B: -0.252525252525
M: 0.0755946856276
B: -0.151515151515
M: -0.0181691822602
B: -0.0505050505051
M: 0.0233975994466
B: 0.0505050505051
M: 0.0149129447535
B: 0.151515151515
M: -0.0512017075739
B: 0.252525252525
M: 0.00590861939181
B: 0.353535353535
M: -0.0153070269307
B: 0.454545454545
M: -0.048584307118
B: 0.555555555556
M: -0.0297334237359
B: 0.656565656566
M: -0.0223936341392
B: 0.757575757576
M: 0.648647660114
B: 0.858585858586
M: 0.632813689412
B: 0.959595959596
M: 0.630760491271
B: 1.06060606061
M: 0.667017060766
B: 1.16161616162
M: 0.678790398582
B: 1.26262626263
M: 0.684069361934
B: 1.36363636364
M: 0.689291864347
B: 1.46464646465
M: 0.702191488388
B: 1.56565656566
M: 0.709876992941
B: 1.66666666667
M: 0.708711636069
B: 1.76767676768
M: 0.72430069428
B: 1.86868686869
M: 0.714754599686
B: 1.9696969697
M: 0.727215404192
B: 2.07070707071
M: 0.722548669163
B: 2.17171717172
M: 0.738218675168
B: 2.27272727273
M: 0.733838193632
B: 2.37373737374
M: 0.742434374299
B: 2.47474747475
M: 0.737091728251
B: 2.57575757576
M: 0.740126195301
B: 2.67676767677
M: 0.744454489703
B: 2.77777777778
M: 0.754834202617
B: 2.87878787879
M: 0.751269476613
B: 2.9797979798
M: 0.738517294749
B: 3.08080808081
M: 0.766980563844
B: 3.18181818182
M: 0.757088310142
B: 3.28282828283
M: 0.768279512001
B: 3.38383838384
M: 0.748425120482
B: 3.48484848485
M: 0.771643092743
B: 3.58585858586
M: 0.767254198295
B: 3.68686868687
M: 0.751368355922
B: 3.78787878788
M: 0.770827469978
B: 3.88888888889
M: 0.755512184119
B: 3.9898989899
M: 0.776862926002
B: 4.09090909091
M: 0.766807945464
B: 4.19191919192
M: 0.763586351227
B: 4.29292929293
M: 0.787367017341
B: 4.39393939394
M: 0.784141879469
B: 4.49494949495
M: 0.777634695192
B: 4.59595959596
M: 0.783956750898
B: 4.69696969697
M: 0.764974758713
B: 4.79797979798
M: 0.77637761058
B: 4.89898989899
M: 0.779239919619
B: 5.0
M: 0.785338534771
B: 5.0
M: 0.777522007032
B: 4.89898989899
M: 0.77300547422
B: 4.79797979798
M: 0.776299407843
B: 4.69696969697
M: 0.759159827616
B: 4.59595959596
M: 0.765328283
B: 4.49494949495
M: 0.758473275214
B: 4.39393939394
M: 0.772744568824
B: 4.29292929293
M: 0.78114681008
B: 4.19191919192
M: 0.786705418318
B: 4.09090909091
M: 0.774195038737
B: 3.9898989899
M: 0.762450606977
B: 3.88888888889
M: 0.746207372926
B: 3.78787878788
M: 0.756854828588
B: 3.68686868687
M: 0.766603675697
B: 3.58585858586
M: 0.771746293932
B: 3.48484848485
M: 0.758719621886
B: 3.38383838384
M: 0.769947064261
B: 3.28282828283
M: 0.742979512984
B: 3.18181818182
M: 0.753390069717
B: 3.08080808081
M: 0.753913617655
B: 2.9797979798
M: 0.751082112557
B: 2.87878787879
M: 0.757133596634
B: 2.77777777778
M: 0.750190703708
B: 2.67676767677
M: 0.751316981643
B: 2.57575757576
M: 0.75038725017
B: 2.47474747475
M: 0.731716595378
B: 2.37373737374
M: 0.755487356764
B: 2.27272727273
M: 0.731116898155
B: 2.17171717172
M: 0.729027379496
B: 2.07070707071
M: 0.729729040498
B: 1.9696969697
M: 0.713175313937
B: 1.86868686869
M: 0.719947116226
B: 1.76767676768
M: 0.717230977593
B: 1.66666666667
M: 0.70084708367
B: 1.56565656566
M: 0.700573263385
B: 1.46464646465
M: 0.692519843874
B: 1.36363636364
M: 0.690063623829
B: 1.26262626263
M: 0.68069017473
B: 1.16161616162
M: 0.662303679485
B: 1.06060606061
M: 0.657446572956
B: 0.959595959596
M: 0.639918485833
B: 0.858585858586
M: 0.625710355051
B: 0.757575757576
M: 0.618256747544
B: 0.656565656566
M: 0.599867741791
B: 0.555555555556
M: -0.0308753491907
B: 0.454545454545
M: -0.0718664908329
B: 0.353535353535
M: -0.0730876274871
B: 0.252525252525
M: 0.0208666213731
B: 0.151515151515
M: -0.0397061872214
B: 0.0505050505051
M: -0.0113231833183
B: -0.0505050505051
M: -0.00485149506628
B: -0.151515151515
M: 0.0964644507191
B: -0.252525252525
M: 0.0421836965751
B: -0.353535353535
M: 0.0032860171494
B: -0.454545454545
M: 0.0661294402985
B: -0.555555555556
M: 0.0596801380461
B: -0.656565656566
M: -0.437446410618
B: -0.757575757576
M: -0.619482177285
B: -0.858585858586
M: -0.614396259042
B: -0.959595959596
M: -0.651070459427
B: -1.06060606061
M: -0.666321380276
B: -1.16161616162
M: -0.673095744849
B: -1.26262626263
M: -0.676397046497
B: -1.36363636364
M: -0.694821593833
B: -1.46464646465
M: -0.696605805574
B: -1.56565656566
M: -0.703315693337
B: -1.66666666667
M: -0.717965364602
B: -1.76767676768
M: -0.711486674477
B: -1.86868686869
M: -0.712146678268
B: -1.9696969697
M: -0.738293840737
B: -2.07070707071
M: -0.716834096629
B: -2.17171717172
M: -0.731592057094
B: -2.27272727273
M: -0.730846972285
B: -2.37373737374
M: -0.739662750313
B: -2.47474747475
M: -0.745549304395
B: -2.57575757576
M: -0.745606507729
B: -2.67676767677
M: -0.738767632962
B: -2.77777777778
M: -0.755984408081
B: -2.87878787879
M: -0.745267805199
B: -2.9797979798
M: -0.75120141212
B: -3.08080808081
M: -0.76080042615
B: -3.18181818182
M: -0.768259474961
B: -3.28282828283
M: -0.760352759546
B: -3.38383838384
M: -0.757630260791
B: -3.48484848485
M: -0.772658484918
B: -3.58585858586
M: -0.764444084028
B: -3.68686868687
M: -0.7691232744
B: -3.78787878788
M: -0.771265193131
B: -3.88888888889
M: -0.777357709942
B: -3.9898989899
M: -0.780018391444
B: -4.09090909091
M: -0.770178560669
B: -4.19191919192
M: -0.772577314872
B: -4.29292929293
M: -0.778383533083
B: -4.39393939394
M: -0.75875670397
B: -4.49494949495
M: -0.756713054026
B: -4.59595959596
M: -0.757464884061
B: -4.69696969697
M: -0.776601606729
B: -4.79797979798
M: -0.784733288116
B: -4.89898989899
M: -0.790245168572
B: -5.0
M: -0.79207229871
